[   0.00000]Initalizng coup bsyscpust
[    000000] Initializing cgroup subsys cpu
[   0.000000] Initializing cgroup subys cuacc
[    0.000000] Linux versio4.4.-10-geeric (buildd@lcy01-amd64-019) (gcc verion 5.4.0 20160609 (Ubuntu 5.4.0-6ubuntu1~16.04.12) ) #199-Ubuntu SMP Tu Nov 14 01:45:04 UTC 2019 (Ubuntu 4.4.0-170.199-generic 4.4.200)
[    0.00000Commndline: OOT_IMAGE=/boot/vmlinuz-4.4.0-170-gneri rot=LBEL=loudig-ootf ro nsol=tty conole=tt0
[    0.000000] KERNEL suprtedpus:
[   0.0000]  Intel GenuineIntel
[    0.000000]   AMD AuthenticAMD
[    0.000000]   Centaur CentaurHauls
[    0.000000] x86/fpu: xstate_offset[2]:  576, xstate_sizes[2]:  256
[    0.000000] x86/fpu: Supporting XSAVE feature 0x01: 'x87 floating point registers'
[    0.000000] x86/fpu:SupprtinXSAV feaure 02: SSEegiste'
[   .00000] 86/f:: Supporting XSAVEeatre 0x04: 'AVX registers'
[    0.000000] x86/fpuu: Enabled xstate features 0x7, context size is 832 bytes, using 'standard' format.
[    0.000000] e8: BI-proded hysial RAM ap
[    0.0000]BIOSe820 [me 0x0000000000000-0x0000000009fff] able
[    0.000000] BIOS-e820: [mem 0x000000000009fc00-0x000000000009ffff] reserved
[    0.000000] BIOS-e820: [mem 0x00000000000f0000-0x00000000000fffff] reserved
[    0.000000] BIOS-e820: [mem 0x0000000000100000-0x000000003ffeffff] usable
[    0.000000] BIOS-e820: [mem 0x000000003fff0000-0x000000003fffffff] ACPI data
[    0.000000] BIOS-e820: [mem 0x00000000fec00000-0x00000000fec00fff] reserved
[    0.0000] IOS-820:[mm 0x000000fe00000x000000fe00ff] rerved
[  0.000000] IOS-e20: [mem 0x00000000fffc0000-0x000000fffffff reserve
[  0.000000] NX (Execute Disable) protection: active
[    0.000000] SMBIOS 2.5 prent.[  0.0000] yperisor deecte: KV
[   0.00000] KrnelUser page tables isolation: disabled
[   0.0000] e80: lst_p = 0x3fff0 max_arch_pfn = 0x400000000
[    0.000000] MTRR: Disabled
[    0.000000] x86/PAT: MTRRs disabled, skipping PAT initialization too.
[    0.000000] CPU MRs ll blak - irtulize sytem.
[   0.0000] x8/PAT Conigution0-7] WB  WT  UC-   WBWT  C- U  
[   0.000000] found SMP MP-table at [mem 0x0009fff0-0x0009ffff] mapped at [ffff88000009fff0]
[    0.000000] Scanning 1 areas for low memory corruption
[    0.000000] RAMDISK: [mem 0x362f4000-0x37171fff]
[    0.000000] ACPI: Early table checksum verification disabled
[    0.000000] ACPI: RSDP 0x00000000000E0000 000024 (v02 VBOX  )
[    0.000000] ACPI: XSDT 0x000000003FFF0030 00003C (v01 VBOX   VBOXXSDT 00000001 ASL  00000061)
[    0.000000] ACPI: FACP 0x000000003FFF00F0 0000F4 (v04 VBOX   VBOXFACP 00000001 ASL  00000061)
[    0.000000] ACPI: DSDT 0x000000003FFF0470 0021FF (v02 VBOX   VBOXBIOS 00000002 INTL 20100528)
[    0.000000] ACPI: FACS 0x00000FFF000 0040
[   0.00000 ACI: FACS x0000003FF00 0040
   00000 ACP: APIC 0000000003FFF0240 00005C (v02 VBOX   VBOXAPIC 00000001 ASL  00000061)
[    0.000000] ACPI: SSDT 0x000000003FFF02A0 0001CC (v01 VBOX   VBOXCPUT 00000002 INTL 20100528)
[    0.000000] No NUMA configuration found
[    0.000000] Faking a node at [mem 0x0000000000000000-0x000000003ffeffff]
[    0.000000] NODE_DATA(0) allocated [mem 0x3ffeb000-0x3ffeffff]
[    0.000000] kvm-clock: Using msrs 4b564d01 and 4b564d00
[    0.000000] kvm-clock: cpu 0, msr 0:3ffe3001, primary cpu clock
[    0.000000] kvm-clock: using sched offset of 4580999514 cycles
[    0.000000] clocksource: kvm-clock: mask: 0xffffffffffffffff max_cycles: 0x1cd42e4dffb, max_idle_ns: 881590591483 ns
[    0.000000] Zone ranges:
[    0.000000]   DMA      [mem 0x0000000000001000-0x0000000000ffffff]
[    0.000000]   DMA32    [mem 0x0000000001000000-0x000000003ffeffff]
[    0.000000]   Normal   empty
[    0.000000]   Device   empty
[    0.000000] Movable zone start for each node
[    0.000000] Early memory node ranges
[    0.000000]   node   0: [mem 0x0000000000001000-0x000000000009efff]
[    0.000000]   node   0: [mem 0x0000000000100000-0x000000003ffeffff]
[    0.000000] Initmem setup node 0 [mem 0x0000000000001000-0x000000003ffeffff]
[    0.000000] ACPI: PM-Timer IO Port: 0x4008
[    0.000000] IOAPIC[0]: apic_id 2, version 32, address 0xfec00000, GSI 0-23
[    0.000000] ACPI: INT_SRC_OVR (bus 0 bus_irq 0 global_irq 2 dfl dfl)
[    0.000000] ACPI: INT_SRC_OVR (bus 0 bus_irq 9 global_irq 9 low level)
[    0.000000] Using ACPI (MADT) for SMP configuration information
[    0.000000] smpboot: Allowing 2 CPUs, 0 hotplug CPUs
[    0.000000] PM: Registered nosave memory: [mem 0x00000000-0x00000fff]
[    0.000000] PM: Registered nosave memory: [mem 0x0009f000-0x0009ffff]
[    0.000000] PM: Registered nosve memory: [mem 0x000a0000-0x000efff
[    000000] P: Reiser nosve mmory:[mem0x00f000-0x00ffff][   0.0000] e80:[memx40000000-0xfebfffff] available for PCI devices
[    0.000000] Booting paravirtualized kernel on KVM
[    0.000000] clocksource: refid-jiffies: mask: 0xffffffff max_cycles: 0xffffffff, max_idle_ns: 7645519600211568 ns
[    0.000000] setup_percpu: NR_CPUS:512 nr_cpumask_bits:512 nr_cpu_ids:2 nr_node_ids:1
[    0.000000] PERCPU: Embedded 33 pages/cpu @ffff88003fc00000 s95448 r8192 d31528 u1048576
[    0.000000] Built 1 zonelists in Node order, mobility grouping on.  Total pages: 257912
[    0.000000] Policy zone: DMA32
[    0.000000] Kernel command line: BOOT_IMAGE=/boot/vmlinuz-4.4.0-170-generic root=LABEL=cloudimg-rootfs ro console=tty1 console=ttyS0
[    0.000000] PID hash table entries: 4096 (order: 3, 32768 bytes)
[    0.000000] Memory: 997716K/1048120K available (8626Kkern cod 133K rwdaa, 4036K rodata, 1488K init, 1288K bss, 50404K reserved, 0K cma-reserved)
[    0.000000] SLUB: HWalign=64, Order=0-3, MinObjects=0, CPUs=2, Nodes=1
[    0.000000] Hierarchical RCU implementation.
[    0.000000] 	Build-time adjustment of leaf fanout to 64.
[    0.00000] 	RCU restricting CPUs from NR_CPUS=512 to nr_cpu_ids=2.[   0.00000]RCU:Adjutinggemetry or rcufano_leaf=64, nr_cpu_ids=2
[    0.000000] NR_IRQS:33024 nr_irqs:440 16
[    0.0000] Cosol colour VGA+ 80x25
[    0.000000] console [ty1]nabld
[   0.00000 conle [ttyS0] enabled
[    0.000000] tsc: Detected 1991.999 MHz processor
[   11.095525] Calibrating delay loop (skipped) preset value.. 3983.99 BogoMIPS (lpj=7967996)
[   11.097638] pid_max: default: 32768 minimum: 301
[   11.098780] ACPI: Core revision 20150930
[   11.100891] ACPI: 2 ACPI AML tables successfully acquired and loaded
[   11.145215] Security Framework initialized
[   11.146171] Yama: becoming mindful.
[   11.174963] AppArmor: AppArmor initialized
[   11.183066] Dentry cache hash table entries: 131072 (order: 8, 1048576 bytes)
[   11.184866] Inode-cache hash table entries: 65536 (order: 7, 524288 bytes)
[   11.190556] Mount-cache hash table entries: 2048 (order: 2, 16384 bytes)
[   11.192213] Mountpoint-cache hash table entries: 2048 (order: 2, 16384 bytes)
[   11.425990] Initializing cgroup subsys io
[   11.520590] Initializing cgroup subsys memory
[   11.665077] Initializing cgroup subsys devices
[   11.683008] Initializing cgroup subsys freezer
[   11.684681] Initializing cgroup subsys net_cls
[   11.686309] Initializing cgroup subsys perf_event
[   11.772196] Initializing cgroup subsys net_prio
[   11.792088] Initializing cgroup subsys hugetlb
[   11.793108] Initializing cgroup subsys pids
[   11.795434] mce: CPU supports 0 MCE banks
[   11.796427] Last level iTLB entries: 4KB 64, 2MB 8, 4MB 8
[   11.803827] Last level dTLB entries: 4KB 64, 2MB 0, 4MB 0, 1GB 4
[   11.805083] Spectre V1 : Mitigation: usercopy/swapgs barriers and __user pointer sanitization
[   12.074838] Spectre V2 : Mitigation: Enhanced IBRS
[   12.230829] Spectre V2 : Spectre v2 / SpectreRSB mitigation: Filling RSB on context switch
[   12.281067] Speculative Store Bypass: Vulnerable
[   12.287001] Freeing SMP alternatives memory: 36K
[   12.296146] ftrace: allocating 32302 entries in 127 pages
[   12.393798] smpboot: APIC(0) Converting physical 0 to logical package 0
[   12.504785] smpboot: Max logical packages: 1
[   12.506574] x2apic enabled
[   12.507859] Switched APIC routing to physical x2apic.
[   12.516745] ..TIMER: vector=0x30 apic1=0 pin1=2 apic2=-1 pin2=-1
[   12.790944] smpboot: CPU0: Intel(R) Core(TM) i7-8565U CPU @ 1.80GHz (family: 0x6, model: 0x8e, stepping: 0xc)
[   12.877406] Performance Events: unsupported p6 CPU model 142 no PMU driver, software events only.
[   13.021992] KVM setup paravirtual spinlock
[   13.047463] x86: Booting SMP configuration:
[   13.188904] .... node  #0, CPUs:      #1
[   13.354902] kvm-clock: cpu 1, msr 0:3ffe3041, secondary cpu clock
[   13.358877] mce: CPU supports 0 MCE banks
[   13.436787] x86: Booted up 1 node, 2 CPUs
[   13.562569] smpboot: Total of 2 processors activated (7967.99 BogoMIPS)
[   13.783760] devtmpfs: initialized
[   13.898669] evm: security.selinux
[   13.914158] evm: security.SMACK64
[   13.951443] evm: security.SMACK64EXEC
[   13.952433] evm: security.SMACK64TRANSMUTE
[   13.953539] evm: security.SMACK64MMAP
[   13.954492] evm: security.ima
[   13.955301] evm: security.capability
[   13.962382] clocksource: jiffies: mask: 0xffffffff max_cycles: 0xffffffff, max_idle_ns: 7645041785100000 ns
[   14.165235] futex hash table entries: 512 (order: 3, 32768 bytes)
[   14.240342] pinctrl core: initialized pinctrl subsystem
[   14.408020] RTC time: 16:42:50, date: 12/12/19
[   14.415150] NET: Registered protocol family 16
[   14.426529] cpuidle: using governor ladder
[   14.561287] cpuidle: using governor menu
[   14.713760] PCCT header not found.
[   14.715872] ACPI: bus type PCI registered
[   14.724318] acpiphp: ACPI Hot Plug PCI Controller Driver version: 0.5
[   14.727590] PCI: Using configuration type 1 for base access
[   14.914913] ACPI: Added _OSI(Module Device)
[   14.917477] ACPI: Added _OSI(Processor Device)
[   14.920027] ACPI: Added _OSI(3.0 _SCP Extensions)
[   14.922663] ACPI: Added _OSI(Processor Aggregator Device)
[   14.927519] ACPI: Executed 1 blocks of module-level executable AML code
[   14.937106] ACPI: Interpreter enabled
[   14.939520] ACPI: (supports S0 S5)
[   14.941653] ACPI: Using IOAPIC for interrupt routing
[   14.951835] PCI: Using host bridge windows from ACPI; if necessary, use "pci=nocrs" and report a bug
[   15.017574] ACPI: PCI Root Bridge [PCI0] (domain 0000 [bus 00-ff])
[   15.052367] acpi PNP0A03:00: _OSC: OS supports [ASPM ClockPM Segments MSI]
[   15.054116] acpi PNP0A03:00: _OSC: not requesting OS control; OS requires [ExtendedConfig ASPM ClockPM MSI]
[   15.063064] acpi PNP0A03:00: fail to add MMCONFIG information, can't access extended PCI configuration space under this bridge.
[   15.402221] PCI host bridge to bus 0000:00
[   15.403511] pci_bus 0000:00: root bus resource [io  0x0000-0x0cf7 window]
[   15.610302] pci_bus 0000:00: root bus resource [io  0x0d00-0xffff window]
[   15.623856] pci_bus 0000:00: root bus resource [mem 0x000a0000-0x000bffff window]
[   15.634548] pci_bus 0000:00: root bus resource [mem 0x40000000-0xfdffffff window]
[   15.688098] pci_bus 0000:00: root bus resource [bus 00-ff]
[   15.692474] pci 0000:00:01.1: legacy IDE quirk: reg 0x10: [io  0x01f0-0x01f7]
[   15.694354] pci 0000:00:01.1: legacy IDE quirk: reg 0x14: [io  0x03f6]
[   15.696054] pci 0000:00:01.1: legacy IDE quirk: reg 0x18: [io  0x0170-0x0177]
[   15.894334] pci 0000:00:01.1: legacy IDE quirk: reg 0x1c: [io  0x0376]
[   15.925612] pci 0000:00:07.0: quirk: [io  0x4000-0x403f] claimed by PIIX4 ACPI
[   16.012549] pci 0000:00:07.0: quirk: [io  0x4100-0x410f] claimed by PIIX4 SMB
[   16.028611] ACPI: PCI Interrupt Link [LNKA] (IRQs 5 9 10 *11)
[   16.044481] ACPI: PCI Interrupt Link [LNKB] (IRQs 5 9 *10 11)
[   16.054621] ACPI: PCI Interrupt Link [LNKC] (IRQs 5 *9 10 11)
[   16.093884] ACPI: PCI Interrupt Link [LNKD] (IRQs 5 9 10 *11)
[   16.135969] ACPI: Enabled 2 GPEs in block 00 to 07
[   16.137938] vgaarb: setting as boot device: PCI:0000:00:02.0
[   16.145814] vgaarb: device added: PCI:0000:00:02.0,decodes=io+mem,owns=io+mem,locks=none
[   16.299636] vgaarb: loaded
[   16.380483] vgaarb: bridge control possible 0000:00:02.0
[   16.409633] SCSI subsystem initialized
[   16.411165] ACPI: bus type USB registered
[   16.516444] usbcore: registered new interface driver usbfs
[   16.578559] usbcore: registered new interface driver hub
[   16.640345] usbcore: registered new device driver usb
[   16.641923] PCI: Using ACPI for IRQ routing
[   16.644345] NetLabel: Initializing
[   16.657944] NetLabel:  domain hash size = 128
[   16.659050] NetLabel:  protocols = UNLABELED CIPSOv4
[   16.660284] NetLabel:  unlabeled traffic allowed by default
[   16.661976] amd_nb: Cannot enumerate AMD northbridges
[   16.687628] clocksource: Switched to clocksource kvm-clock
[ 16101]ppmo AArr ilesstem abd  7.19] p:nPCPin
[ 18.8241 p: P PIfod dece

[   19.083221] clocksource: acpi_pm: mask: 0xffffff max_cycles: 0xffffff, max_idle_ns: 2085701024 ns
[   19.311814] NET: Registered protocol family 2
[   19.326542] TCP established hash table entries: 8192 (order: 4, 65536 bytes)
[   19.327964] TCP bind hash table entries: 8192 (order: 5, 131072 bytes)
[   19.329249] TCP: Hash tables configured (established 8192 bind 8192)
[   19.330489] UDP hash table entries: 512 (order: 2, 16384 bytes)
[   19.331771] UDP-Lite hash table entries: 512 (order: 2, 16384 bytes)
[   19.333152] NET: Registered protocol family 1
[   19.362560] pci 0000:00:00.0: Limiting direct PCI/PCI transfers
[   19.363917] pci 0000:00:01.0: Activating ISA DMA hang workarounds
[   19.369000] Unpacking initramfs...
[   19.919300] Freeing initrd memory: 14840K
[   20.007843] clocksource: tsc: mask: 0xffffffffffffffff max_cycles: 0x396d4ffc055, max_idle_ns: 881590662783 ns
[   20.247640] platform rtc_cmos: registered platform RTC device (no PNP device found)
[   20.400879] Scanning for low memory corruption every 60 seconds
[   20.409664] audit: initializing netlink subsys (disabled)
[   20.443897] audit: type=2000 audit(1576168966.965:1): initialized
[   20.452026] Initialise system trusted keyring
[   20.453303] HugeTLB registered 2 MB page size, pre-allocated 0 pages
[   20.456230] zbud: loaded
[   20.464451] VFS: Disk quotas dquot_6.6.0
[   20.465486] VFS: Dquot-cache hash table entries: 512 (order 0, 4096 bytes)
[   20.467152] squashfs: version 4.0 (2009/01/31) Phillip Lougher
[   20.468862] fuse init (API version 7.23)
[   20.469956] Key type big_key registered
[   20.470908] Allocating IMA MOK and blacklist keyrings.
[   20.480956] Key type asymmetric registered
[   20.488932] Asymmetric key parser 'x509' registered
[   20.490767] Block layer SCSI generic (bsg) driver version 0.4 loaded (major 249)
[   20.493739] io scheduler noop registered
[   20.535258] io scheduler deadline registered (default)
[   20.638956] io scheduler cfq registered
[   20.640298] pci_hotplug: PCI Hot Plug PCI Core version: 0.5
[   20.642067] pciehp: PCI Express Hot Plug Controller Driver version: 0.4
[   20.644116] ACPI: AC Adapter [AC] (off-line)
[   20.645499] input: Power Button as /devices/LNXSYSTM:00/LNXPWRBN:00/input/input0
[   20.654493] ACPI: Power Button [PWRF]
[   20.656101] input: Sleep Button as /devices/LNXSYSTM:00/LNXSLPBN:00/input/input1
[   20.658859] ACPI: Sleep Button [SLPF]
[   20.661966] ACPI: Battery Slot [BAT0] (battery present)
[   20.668180] GHES: HEST is not enabled!
[   20.790846] Serial: 8250/16550 driver, 32 ports, IRQ sharing enabled
[   20.816313] 00:02: ttyS0 at I/O 0x3f8 (irq = 4, base_baud = 115200) is a 16550A
[   20.824668] Linux agpgart interface v0.103
[   20.829973] loop: module loaded
[   20.929937] scsi host0: ata_piix
[   21.001305] scsi host1: ata_piix
[   21.015858] ata1: PATA max UDMA/33 cmd 0x1f0 ctl 0x3f6 bmdma 0xd000 irq 14
[   21.133806] ata2: PATA max UDMA/33 cmd 0x170 ctl 0x376 bmdma 0xd008 irq 15
[   21.397302] libphy: Fixed MDIO Bus: probed
[   21.494540] tun: Universal TUN/TAP device driver, 1.6
[   21.495634] tun: (C) 1999-2004 Max Krasnyansky <maxk@qualcomm.com>
[   21.537248] PPP generic driveveio2.2
[ 28780ehi_hc U 2.0Ennc' Host Controller (EHCI) Driver
[   22.614328] ehci-pci: EHCI PCI platform driver
[   .648] eh-ptfm:HCgeriplform dve

[   23652]hchc: B 1 pe Ht Ctrller (OH) iv
[   24.381]hcpc OCI P ptfm iv
[   25667]hcplfo: OHCI generic platform driver

[   25.834142] uhcicdUSUnerl Host Controller Iterface driver
[   26.250636] i8042: PNP: PS/2 Controller [PNP0303:PS2K,PNP0f03:PS2M] at 0x60,0x64 irq 1,12
[   26.253074] serio: i8042 KBD port at 0x60,0x64 irq 1
[   26.254180] serio: i8042 AUX port at 0x60,0x64 irq 12
[   26.255397] mousedev: PS/2 mouse device common for all mice
[   22579 input: T anat S 2eyarasdeceplfo/i42/serio0np/iut

[   .716 rtc_cmos rtc_cmos: rtc core: registered rtc_cmos as rtc0

[   27.932749] rtc_cmos rtc_cmos: alarms up to one day, 114 bytes nvram
[   27.933968] i2c /dev entries driver
[   27.934846] device-mapper: uevent: version 1.0.3
[   27.935871] device-mapper: ioctl: 4.34.0-ioctl (2015-10-28) initialised: dm-devel@redhat.com
[   27.937694] ledtrig-cpu: registered to indicate activity on CPUs
[   27.939408] NET: Registered protocol family 10
[   27.940587] NET: Registered protocol family 17
[   27.941547] Key type dns_resolver registered
[   27.942670] registered taskstats version 1
[   27.943576] Loading compiled-in X.509 certificates
[   27.977018] Loaded X.509 cert 'Build time autogenerated kernel key: f0e56e97f406068ace47a9bf54316e9855aaaa43'
[   28.273502] zswap: loaded using pool lzo/zbud
[   28.423289] Key type trusted registered
[   28.526057] Key type encrypted registered
[   28.567097] AppArmor: AppArmor sha1 policy hashing enabled
[   28.741389] ima: No TPM chip found, activating TPM-bypass!
[   28.744966] ima: Allocated hash algorithm: sha1
[   28.753176] evm: HMAC attrs: 0x1
[   28.754514]   Magic number: 15:320:742
[   28.882504] rtc_cmos rtc_cmos: setting system clock to 2019-12-12 16:43:05 UTC (1576168985)
[   29.039114] BIOS EDD facility v0.16 2004-Jun-25, 0 devices found
[   29.053645] EDD information not available.
[   29.056431] Freeing unused kernel memory: 1488K
[   29.072181] Write protecting the kernel read-only data: 14336k
[   29.113929] Freeing unused kernel memory: 1604K
[   30.454245] Freeing unused kernel memory: 60K
Loading, please wait...
startin[   32.060394] random: systemd-udevd: uninitialized urandom read (16 bytes read, 9 bits of entropy available)
g version 229
[   32.061116] random: udevadm: uninitialized urandom read (16 bytes read, 9 bits of entropy available)
[   32.061144] random: udevadm: uninitialized urandom read (16 bytes read, 9 bits of entropy available)
[   32.072754] random: udevadm: uninitialized urandom read (16 bytes read, 9 bits of entropy available)
[   32.072818] random: udevadm: uninitialized urandom read (16 bytes read, 9 bits of entropy available)
[   32.073009] random: udevadm: uninitialized urandom read (16 bytes read, 9 bits of entropy available)
[   32.073079] random: udevadm: uninitialized urandom read (16 bytes read, 9 bits of entropy available)
[   32.073147] random: udevadm: uninitialized urandom read (16 bytes read, 9 bits of entropy available)
[   32.073216] random: udevadm: uninitialized urandom read (16 bytes read, 9 bits of entropy available)
[   32.073282] random: udevadm: uninitialized urandom read (16 bytes read, 9 bits of entropy available)
[   33.363417] Fusion MPT base driver 3.04.20
[   33.377929] Copyright (c) 1999-2008 LSI Corporation
[   33.469328] e1000: Intel(R) PRO/1000 Network Driver - version 7.3.21-k8-NAPI
[   33.652108] e1000: Copyright (c) 1999-2006 Intel Corporation.
[   33.702289] AVX2 version of gcm_enc/dec engaged.
[   33.725044] AES CTR mode by8 optimization enabled
[   33.738559] Fusion MPT SPI Host driver 3.04.20
[   33.878528] input: ImExPS/2 Generic Explorer Mouse as /devices/platform/i8042/serio1/input/input4
[   34.181816] e1000 0000:00:03.0 eth0: (PCI:33MHz:32-bit) 02:4f:25:6a:cc:77
[   34.232360] e1000 0000:00:03.0 eth0: Intel(R) PRO/1000 Network Connection
[   34.708546] e1000 0000:00:08.0 eth1: (PCI:33MHz:32-bit) 08:00:27:11:7c:7c
[   34.928752] e1000 0000:00:08.0 eth1: Intel(R) PRO/1000 Network Connection
[   34.953633] e1000 0000:00:08.0 enp0s8: renamed from eth1
[   35.040384] mptbase: ioc0: Initiating bringup
[   35.206165] e1000 0000:00:03.0 enp0s3: renamed from eth0
[   35.279692] ioc0: LSI53C1030 A0: Capabilities={Initiator}
[   36.497308] scsi host2: ioc0: LSI53C1030 A0, FwRev=00000000h, Ports=1, MaxQ=256, IRQ=20
[   39.421965] scsi 2:0:0:0: Direct-Access     VBOX     HARDDISK         1.0  PQ: 0 ANSI: 5
[   41.413661] scsi target2:0:0: Beginning Domain Validation
[   41.416704] scsi target2:0:0: Domain Validation skipping write tests
[   41.425043] scsi target2:0:0: Ending Domain Validation
[   41.426274] scsi target2:0:0: asynchronous
[   41.427814] scsi 2:0:1:0: Direct-Access     VBOX     HARDDISK         1.0  PQ: 0 ANSI: 5
[   41.453114] scsi target2:0:1: Beginning Domain Validation
[   41.455145] scsi target2:0:1: Domain Validation skipping write tests
[   41.469044] scsi target2:0:1: Ending Domain Validation
[   41.478548] scsi target2:0:1: asynchronous
[   41.488413] sd 2:0:0:0: Attached scsi generic sg0 type 0
[   41.496872] sd 2:0:1:0: Attached scsi generic sg1 type 0
[   41.497031] sd 2:0:0:0: [sda] 20971520 512-byte logical blocks: (10.7 GB/10.0 GiB)
[   41.500076] sd 2:0:1:0: [sdb] 20480 512-byte logical blocks: (10.5 MB/10.0 MiB)
[   41.515414] sd 2:0:0:0: [sda] Write Protect is off
[   41.517149] sd 2:0:0:0: [sda] Incomplete mode parameter data
[   41.660426] sd 2:0:0:0: [sda] Assuming drive cache: write through
[   41.660762] sd 2:0:1:0: [sdb] Write Protect is off
[   41.661203] sd 2:0:1:0: [sdb] Incomplete mode parameter data
[   41.661205] sd 2:0:1:0: [sdb] Assuming drive cache: write through
[   41.667390] sd 2:0:1:0: [sdb] Attached SCSI disk
[   42.029097]  sda: sda1
[   42.040007] sd 2:0:0:0: [sda] Attached SCSI disk
Begin: Loading e[   43.641125] md: linear personality registered for level -1
ssential drivers[   43.834891] md: multipath personality registered for level -4
 ... [   44.068927] md: raid0 personality registered for level 0
[   44.208406] md: raid1 personality registered for level 1
[   44.312149] raid6: sse2x1   gen()  5287 MB/s
[   44.524196] raid6: sse2x1   xor()  3073 MB/s
[   44.695724] raid6: sse2x2   gen()  5237 MB/s
[   44.847926] raid6: sse2x2   xor()  4238 MB/s
[   45.043791] raid6: sse2x4   gen()  6731 MB/s
[   45.260168] raid6: sse2x4   xor()  4418 MB/s
[   45.407813] raid6: avx2x1   gen() 11069 MB/s
[   45.628086] raid6: avx2x2   gen() 11829 MB/s
[   45.800315] raid6: avx2x4   gen() 12884 MB/s
[   45.949191] raid6: using algorithm avx2x4 gen() 12884 MB/s
[   46.135748] raid6: using avx2x2 recovery algorithm
[   46.244698] xor: automatically using best checksumming function:
[   46.299947]    avx       : 11308.000 MB/sec
[   46.330261] async_tx: api initialized (async)
[   46.412192] md: raid6 personality registered for level 6
[   46.440452] md: raid5 personality registered for level 5
[   46.441865] md: raid4 personality registered for level 4
[   46.451711] md: raid10 personality registered for level 10
done.
Begin: Running /scripts/init-premount ... done.
Begin: M[   46.620472] Btrfs loaded
ounting root file system ... Begin: Running /scripts/local-top .[   46.754083] EXT4-fs (sda1): mounted filesystem with ordered data mode. Opts: (null)
.. done.
Begin: Running /scripts/local-premount ... Scanning for Btrfs filesystems
done.
Warning: fsck not present, so skipping root file system
done.
Begin: Running /scripts/local-bottom ... done.
Begin: Running /scripts/init-bottom ... done.
[   47.233010] systemd[1]: systemd 229 running in system mode. (+PAM +AUDIT +SELINUX +IMA +APPARMOR +SMACK +SYSVINIT +UTMP +LIBCRYPTSETUP +GCRYPT +GNUTLS +ACL +XZ -LZ4 +SECCOMP +BLKID +ELFUTILS +KMOD -IDN)
[   47.532676] systemd[1]: Detected virtualization oracle.
[   47.533879] systemd[1]: Detected architecture x86-64.

Welcome to [1mUbuntu 16.04.6 LTS[0m!

[   47.649209] systemd[1]: Set hostname to <ubuntu>.
[   47.875527] systemd[1]: Initializing machine ID from random generator.
[   47.912563] systemd[1]: Installed transient /etc/machine-id file.
[   48.061729] random: nonblocking pool is initialized
[   48.443808] systemd[1]: Reached target Encrypted Volumes.
[[0;32m  OK  [0m] Reached target Encrypted Volumes.
[   48.540317] systemd[1]: Listening on Journal Socket (/dev/log).
[[0;32m  OK  [0m] Listening on Journal Socket (/dev/log).
[   48.632990] systemd[1]: Listening on udev Control Socket.
[[0;32m  OK  [0m] Listening on udev Control Socket.
[   48.836053] systemd[1]: Reached target Swap.
[[0;32m  OK  [0m] Reached target Swap.
[   48.936973] systemd[1]: Listening on Device-mapper event daemon FIFOs.
[[0;32m  OK  [0m] Listening on Device-mapper event daemon FIFOs.
[   49.104685] systemd[1]: Listening on LVM2 metadata daemon socket.
[[0;32m  OK  [0m] Listening on LVM2 metadata daemon socket.
[   49.232555] systemd[1]: Reached target System Time Synchronized.
[[0;32m  OK  [0m] Reached target System Time Synchronized.
[   49.392508] systemd[1]: Listening on udev Kernel Socket.
[[0;32m  OK  [0m] Listening on udev Kernel Socket.
[   49.448451] systemd[1]: Started Trigger resolvconf update for networkd DNS.
[[0;32m  OK  [0m] Started Trigger resolvconf update for networkd DNS.
[   49.517432] systemd[1]: Started Forward Password Requests to Wall Directory Watch.
[[0;32m  OK  [0m] Started Forward Password Requests to Wall Directory Watch.
[   49.712004] systemd[1]: Listening on /dev/initctl Compatibility Named Pipe.
[[0;32m  OK  [0m] Listening on /dev/initctl Compatibility Named Pipe.
[   49.821005] systemd[1]: Listening on Journal Audit Socket.
[[0;32m  OK  [0m] Listening on Journal Audit Socket.
[   49.900513] systemd[1]: Listening on Syslog Socket.
[[0;32m  OK  [0m] Listening on Syslog Socket.
[   50.064966] systemd[1]: Set up automount Arbitrary Executable File Formats File System Automount Point.
[[0;32m  OK  [0m] Set up automount Arbitrary Executab...ats File System Automount Point.
[   50.288538] systemd[1]: Listening on LVM2 poll daemon socket.
[[0;32m  OK  [0m] Listening on LVM2 poll daemon socket.
[   50.468700] systemd[1]: Created slice User and Session Slice.
[[0;32m  OK  [0m] Created slice User and Session Slice.
[   50.584268] systemd[1]: Listening on Journal Socket.
[[0;32m  OK  [0m] Listening on Journal Socket.
[   50.641617] systemd[1]: Created slice System Slice.
[[0;32m  OK  [0m] Created slice System Slice.
[   50.767293] systemd[1]: Reached target Slices.
[[0;32m  OK  [0m] Reached target Slices.
[   50.808090] systemd[1]: Mounting POSIX Message Queue File System...
         Mounting POSIX Message Queue File System...
[   50.928928] systemd[1]: Starting Journal Service...
         Starting Journal Service...
[   50.997905] systemd[1]: Starting Set console keymap...
         Starting Set console keymap...
[   51.082246] systemd[1]: Starting Create list of required static device nodes for the current kernel...
         Starting Create list of required st... nodes for the current kernel...
[   51.292475] systemd[1]: Starting Monitoring of LVM2 mirrors, snapshots etc. using dmeventd or progress polling...
         Starting Monitoring of LVM2 mirrors... dmeventd or progress polling...
[   51.397027] systemd[1]: Starting Remount Root and Kernel File Systems...
[   51.406907] EXT4-fs (sda1): re-mounted. Opts: (null)
         Starting Remount Root and Kernel File Systems...
[   51.588205] systemd[1]: Starting Nameserver information manager...
         Starting Nameserver information manager...
[   51.680479] systemd[1]: Mounting Huge Pages File System...
         Mounting Huge Pages File System...
[   51.769291] systemd[1]: Created slice system-serial\x2dgetty.slice.
[[0;32m  OK  [0m] Created slice system-serial\x2dgetty.slice.
[   51.916421] systemd[1]: Mounting Debug File System...
         Mounting Debug File System...
[   52.108034] systemd[1]: Starting Uncomplicated firewall...
         Starting Uncomplicated firewall...
[   52.205771] systemd[1]: Reached target User and Group Name Lookups.
[[0;32m  OK  [0m] Reached target User and Group Name Lookups.
[   52.480449] systemd[1]: Starting Load Kernel Modules...
[   52.5191]oangSC tnsrtla v0-0.
         Starting Load Kernel Modules...
[   53.464837] iscsi: registered transport (tcp)
[   53.617589] systemd[1]: Mounted Debug File System.
[[0;32m  OK  [0m] Mounted Debug File System.
[   53.696589] systemd[1]: Mounted Huge Pages File System.
[[0;32m  OK  [0m] Mounted Huge Pages File System.
[   53.864541] systemd[1]: Mounted POSIX Message Queue File System.
[[0;32m  OK  [0m] Mounted POSIX Message Queue [   54.030155] iscsi: registered transport (iser)
File System.
[   55.045152] systemd[1]: Started Journal Service.
[[0;32m  OK  [0m] Started Journal Service.
[[0;32m  OK  [0m] Started Set console keymap.
[[0;32m  OK  [0m] Started Create list of required sta...ce nodes for the current kernel.
[[0;32m  OK  [0m] Started Remount Root and Kernel File Systems.
[[0;32m  OK  [0m] Started Uncomplicated firewall.
[[0;32m  OK  [0m] Started Load Kernel Modules.
[[0;32m  OK  [0m] Started Nameserver information manager.
[[0;32m  OK  [0m] Started LVM2 metadata daemon.
         Mounting FUSE Control File System...
         Starting Apply Kernel Variables...
         Starting udev Coldplug all Devices...
         Starting Load/Save Random Seed...
         Starting Create Static Device Nodes in /dev...
         Starting Flush Journal to Persistent Storage...
[[0;32m  OK  [0m] Mounted FUSE Control File System.
[[0;32m  OK  [0m] Started Monitoring of LVM2 mirrors,...ng dmeventd or progress polling.
[[0;32m  OK  [0m] Started Apply Kernel Variables.
[[0;32m  OK  [0m] Started Load/Save Random Seed.
[[0;32m  OK  [0m] Started Create Static Device Nodes in /dev.
[[0;32m  OK  [0m] Started udev Coldplug all Devices.
         Starting udev Kernel Device Manager...
[[0;32m  OK  [0m] Reached target Local File Systems (Pre).
[[0;32m  OK  [0m] Reached target Local File Systems.
         Starting Set console font and keymap...
         Starting Commit a transient machine-id on disk...
         Starting LSB: AppArmor initialization...
         Starting Tell Plymouth To Write Out Runtime Data...
         Starting Initial cloud-init job (pre-networking)...
[[0;32m  OK  [0m] Started udev Kernel Device Manager.
[[0;32m  OK  [0m] Started Flush Journal to Persistent Storage.
[[0;32m  OK  [0m] Started Commit a transient machine-id on disk.
[[0;32m  OK  [0m] Started Tell Plymouth To Write Out Runtime Data.
[[0;32m  OK  [0m] Found device /dev/ttyS0.
[[0;32m  OK  [0m] Started Set console font and keymap.
[[0;32m  OK  [0m] Listening on Load/Save RF Kill Switch Status /dev/rfkill Watch.
[[0;32m  OK  [0m] Created slice system-getty.slice.
         Starting Create Volatile Files and Directories...
[[0;32m  OK  [0m] Started Dispatch Password Requests to Console Directory Watch.
[[0;32m  OK  [0m] Started Create Volatile Files and Directories.
         Starting Update UTMP about System Boot/Shutdown...
[[0;32m  OK  [0m] Started Update UTMP about System Boot/Shutdown.
[   42.897376] cloud-init[639]: Cloud-init v. 19.2-36-g059d049c-0ubuntu2~16.04.1 running 'init-local' at Thu, 12 Dec 2019 16:43:34 +0000. Up 42.26 seconds.
[[0;32m  OK  [0m] Started Initial cloud-init job (pre-networking).
[[0;32m  OK  [0m] Reached target Network (Pre).
[[0;32m  OK  [0m] Started LSB: AppArmor initialization.
         Starting Raise network interfaces...
[[0;32m  OK  [0m] Started Raise network interfaces.
[[0;32m  OK  [0m] Reached target Network.
         Starting Initial cloud-init job (metadata service crawler)...
[   45.415368] cloud-init[954]: Cloud-init v. 19.2-36-g059d049c-0ubuntu2~16.04.1 running 'init' at Thu, 12 Dec 2019 16:43:36 +0000. Up 44.29 seconds.
[   45.533181] [cloud-init[0;32m  OK  [0m[954]: ] ci-info: ++++++++++++++++++++++++++++++++++++++Net device info+++++++++++++++++++++++++++++++++++++++Started Initial cloud-init job (metadata service crawler).

[   45.534293] cloud-init[954]: ci-info: +--------+-------+----------------------------+---------------+--------+-------------------+
[   45.705734] [[0;32m  OK  [0m] Reached target System Initialization.
         Starting Socket activation for snappy daemon.
[[0;32m  OK  [0m] Started Message of the Day.
[[0;32m  OK  [0m] Listening on UUID daemon activation socket.
[[0;32m  OK  [0m] Started Daily Cleanup of Temporary Directories.
[[0;32m  OK  [0m] Listening on ACPID Listen Socket.
[[0;32m  OK  [0m] Listening on D-Bus System Message Bus Socket.
cloud-init[954]: ci-info: | Device |   Up  |          Address           |      Mask     | Scope  |     Hw-Address    |
[   45.756137]          Starting LXD - unix socket.
[[0;32m  OK  [0m] Started Daily apt download activities.
[[0;32m  OK  [0m] Started Daily apt upgrade and clean activities.
[[0;32m  OK  [0m] Reached target Timers.
cloud-init[954]: ci-info: +--------+-------+----------------------------+---------------+--------+-------------------+[
[0;32m  OK  [0m] Started ACPI Events Check.
[[0;32m  OK  [0m] Reached target Paths.
[[0;32m  OK  [0m] Reached target Cloud-config availability.
[   45.759905] cloud-init[954]: ci-info: | enp0s3 |  True |         10.0.2.15          | 255.255.255.0 | global | 02:4f:25:6a:cc:77 |
[   46.093802] [cloud-init[0;32m  OK  [0m[954]: ] ci-info: | enp0s3 |  True | fe80::4f:25ff:fe6a:cc77/64 |       .       |  link  | 02:4f:25:6a:cc:77 |Reached target Network is Online.

[   46.095868] cloud-init[954]: ci-info: | enp0s8 | False |             .              |       .       |   .    | 08:00:27:11:7c:7c |
[   46.320829]          cloud-initStarting iSCSI initiator daemon (iscsid)...[954]: 
ci-info: |   lo   |  True |         127.0.0.1          |   255.0.0.0   |  host  |         .         |
[[0;32m  OK  [0m] Listening on Socket activation for snappy daemon.
[[0;32m  OK  [0m] Listening on LXD - unix socket.
[   46.466759] cloud-init[954]: ci-info: |   lo   |  True |          ::1/128           |       .       |  host  |         .         |
[   46.585469] [cloud-init[0;32m  OK  [0m[954]: ] ci-info: +--------+-------+----------------------------+---------------+--------+-------------------+Reached target Sockets.

[[0;32m  OK  [0m] Reached target Basic System.
[   46.587829] cloud-init[954]: ci-info: +++++++++++++++++++++++++++Route IPv4 info++++++++++++++++++++++++++++
[[0;32m  OK  [0m] Started FUSE filesystem for LXC.
[   46.794563] cloud-init[954]: ci-info: +-------+-------------+----------+---------------+-----------+-------+
[   46.850091] cloud-init[954]: ci-info: | Route | Destination | Gateway  |    Genmask    | Interface | Flags |
[   46.852850] cloud-init[954]: ci-info: +-------+-------------+----------+---------------+-----------+-------+
[   46.902467]          cloud-initStarting /etc/rc.local Compatibility...[954]: 
ci-info: |   0   |   0.0.0.0   | 10.0.2.2 |    0.0.0.0    |   enp0s3  |   UG  |
[   46.904366] cloud-init[954]: ci-info: |   1   |   10.0.2.0  | 0.0.0.0  | 255.255.255.0 |   enp0s3  |   U   |
[   47.117390] [cloud-init[0;32m  OK  [0m[954]: ] ci-info: +-------+-------------+----------+---------------+-----------+-------+Started ACPI event daemon.

[   47.119677] cloud-init[954]: ci-info: +++++++++++++++++++Route IPv6 info+++++++++++++++++++
[   47.221289]          Starting LXD - container startup/shutdown...
cloud-init         Starting LSB: MD monitoring daemon...
[954]: ci-info: +-------+-------------+---------+-----------+-------+
[   47.260357]          Starting System Logging Service...
cloud-init[954]: ci-info: | Route | Destination | Gateway | Interface | Flags |
[   47.271468] cloud-init[954]: ci-info: +-------+-------------+---------+-----------+-------+
[   47.274362] cloud-init[954]: ci-info: |   0   |  fe80::/64  |    ::   |   enp0s3  |   U   |
         Starting Login Service...
[   47.287193] cloud-init[954]: ci-info: |   3   |   ff00::/8  |    ::   |   enp0s3  |   U   |
[   47.341242]          Starting Accounts Service...
cloud-init[954]:          Starting Virtualbox guest utils...
[[0;32m  OK  [0m] Started Deferred execution scheduler.
         Starting Pollinate to seed the pseudo random number generator...
         Starting LSB: Record successful boot for GRUB...
         Starting Snappy daemon...
[[0;32m  OK  [0m] Started Regular background program processing daemon.
[[0;32m  OK  [0m] Started D-Bus System Message Bus.
ci-info: +-------+-------------+---------+-----------+-------+
[   47.428429] [cloud-init[0;32m  OK  [0m[954]: ] Generating public/private rsa key pair.Started System Logging Service.

[[0;32m  OK  [0m] Started iSCSI initiator daemon (iscsid).
[[0;32m  OK  [0m] Started /etc/rc.local Compatibility.
[[0;32m  OK  [0m] Started LXD - container startup/shutdown.
[   47.429238] cloud-init[954]: Your identification has been saved in /etc/ssh/ssh_host_rsa_key.
[   47.471483] cloud-init[954]: Your public key has been saved in /etc/ssh/ssh_host_rsa_key.pub.
[   47.542637] [[0;32m  OK  [0m] Started LSB: MD monitoring daemon.
cloud-init[954]: The key fingerprint is:
[   47.545029] cloud-init[954]: SHA256:C6Ly4vlNmoTOkhMYRSkGjrFTA4p7jtlgW9aazPFd8fg root@ubuntu-xenial
[   47.588739] cloud-init[954]: The key's randomart image is:
[[0;32m  OK  [0m] Started Login Service.
[   47.598538] cloud-init[954]: +---[RSA 2048]----+
[   47.642872] cloud-init[954]: |=o+.             |
[   47.644115] cloud-init[954]: |*=o.             |
[   47.645163] cloud-init[954]: |B+       .       |
[[0;32m  OK  [0m] Started Virtualbox guest utils.
[   47.645432] cloud-init[954]: |.o  .     +      |
[   47.737844] cloud-init[954]: |+o.+... So .     |
[[   47.739228] cloud-init[954]: |+BB.=......      |
[   47.739915] cloud-init[954]: |+=+* o ..  E     |
[0;32m  OK  [0m] Started LSB: Record successful boot for GRUB.
[   47.740215] cloud-init[954]: |Boo =            |
[[0;32m  OK  [0m[   47.834789] cloud-init[954]: |oBo+ .           |
[   47.835133] cloud-init[954]: +----[SHA256]-----+
[   47.835295] cloud-init[954]: Generating public/private dsa key pair.
[   47.835495] cloud-init[954]: Your identification has been saved in /etc/ssh/ssh_host_dsa_key.
[   47.835666] cloud-init[954]: Your public key has been saved in /etc/ssh/ssh_host_dsa_key.pub.
[   47.835877] cloud-init[954]: The key fingerprint is:
[   47.836103] cloud-init[954]: SHA256:7tGjbmqaMgueRi/WB2WU1I0S9IYT/3ch45G/GhdUq28 root@ubuntu-xenial
[   47.836216] cloud-init[954]: The key's randomart image is:
[   47.836381] cloud-init[954]: +---[DSA 1024]----+
[   47.836735] cloud-init[954]: |    o=+ o      . |
[   47.836980] cloud-init[954]: |     +=o .  . . .|
[   47.837146] cloud-init[954]: |    .o.+   = o . |
[   47.837320] cloud-init[954]: |     oo . . * o  |
[   47.837709] cloud-init[954]: |    o   S. o =   |
[   47.837869] cloud-init[954]: | . .   . .. . +  |
[   47.838035] cloud-init[954]: |o o .   o o. o E |
[   47.838204] cloud-init[954]: |.=+o o...o .+ .  |
[   47.838433] cloud-init[954]: |ooo++o.++  .     |
] Started Snappy daemon.
[   47.838828] cloud-init[954]: +----[SHA256]-----+
[   47.961171] cloud-init[954]: Generating public/private ecdsa key pair.
[   47.988696] cloud-init[954]: Your identification has been saved in /etc/ssh/ssh_host_ecdsa_key.
[   47.989006] cloud-init[954]: Your public key has been saved in /etc/ssh/ssh_host_ecdsa_key.pub.
         Starting Wait until snapd is fully seeded...
[   47.990266] cloud-init[954]: The key fingerprint is:
[   48.011015] cloud-init[954]: SHA256:DF+YAmbGwdYtqb0jcpSZN+VsihLqPKJIy28z1VYrHTU root@ubuntu-xenial
[   48.044769] cloud-init[954]: The key's randomart image is:
[   48.045099] cloud-init[954]: +---[ECDSA 256]---+
[[0;32m  OK  [0m] Started Unattended Upgrades Shutdown.
[   48.045372] cloud-init[954]: |   o*o o         |
[   48.095730] cloud-init[954]: |   ++.+ oo E     |
[   48.096406] cloud-init[954]: |   . *o=o o .    |
[   48.096735] cloud-init[954]: |  . * +=++       |
[   48.097013] cloud-init[954]: | . o o.=S o      |
[   48.097242] cloud-init[954]: |. o +.++ o       |
         Starting Authenticate and Authorize Users to Run Privileged Tasks...
[   48.097653] cloud-init[954]: |o. +.....        |
[   48.151266] cloud-init[954]: |=+.+             |
[   48.152966] cloud-init[954]: |=o+.o            |
[   48.154138] cloud-init[954]: +----[SHA256]-----+
[   48.155375] cloud-init[954]: Generating public/private ed25519 key pair.
[   48.156862] cloud-init[954]: Your identification has been saved in /etc/ssh/ssh_host_ed25519_key.
[   48.184955] cloud-init[954]: Your public key has been saved in /etc/ssh/ssh_host_ed25519_key.pub.
[   48.185278] cloud-init[954]: The key fingerprint is:
[   48.185538] cloud-init[954]: SHA256:5zYbMPAoNhZpLbCA1jWiXFte+i4Vw9ejI3J3zciWcIE root@ubuntu-xenial
[   48.185762] cloud-init[954]: The key's randomart image is:
[   48.185936] cloud-init[954]: +--[ED25519 256]--+
[   48.186160] cloud-init[954]: |o oo.+ .  ..     |
[   48.186344] cloud-init[954]: |ooo+=o=  E. .    |
[   48.187121] cloud-init         [954]: Starting Login to default iSCSI targets...|.o..=oo+ o +     |

[   48.187253] cloud-init[954]: |   . o.++ = *    |
[[   48.241164] cloud-init[954]: |    =..=S+.* o   |
[   48.241599] cloud-init[954]: |   o o= o=+      |
[0;32m  OK  [0m] Started Authenticate and Authorize Users to Run Privileged Tasks.
[[0;32m  OK  [0m[   48.241841] cloud-init[954]: |     . .  =      |
[   48.289055] cloud-init[954]: |      .  . +     |
] Started Accounts Service.
[   48.289150] cloud-init[954]: |          .      |
[   48.380461] cloud-init[954]: +----[SHA256]-----+
[[0;32m  OK  [0m] Started Pollinate to seed the pseudo random number generator.
[[0;32m  OK  [0m] Started Login to default iSCSI targets.
[[0;32m  OK  [0m] Reached target Remote File Systems (Pre).
[[0;32m  OK  [0m] Reached target Remote File Systems.
         Starting LSB: daemon to balance interrupts for SMP systems...
         Starting Permit User Sessions...
         Starting LSB: automatic crash report generation...
         Starting LSB: Set the CPU Frequency Scaling governor to "ondemand"...
         Starting OpenBSD Secure Shell server...
[[0;32m  OK  [0m] Started Permit User Sessions.
[[0;32m  OK  [0m] Started OpenBSD Secure Shell server.
         Starting Hold until boot process finishes up...
         Starting Terminate Plymouth Boot Screen...
[[0;32m  OK  [0m] Started LSB: daemon to balance interrupts for SMP systems.
[[0;32m  OK  [0m] Started LSB: automatic crash report generation.
[[0;32m  OK  [0m] Started LSB: Set the CPU Frequency Scaling governor to "ondemand".
[[0;32m  OK  [0m] Started Hold until boot process finishes up.
[[0;32m  OK  [0m] Started Terminate Plymouth Boot Screen.
[[0;32m  OK  [0m] Created slice User Slice of vagrant.
         Starting User Manager for UID 1000...
[[0;32m  OK  [0m] Started Session 1 of user vagrant.
         Starting Set console scheme...
[[0;32m  OK  [0m] Started Serial Getty on ttyS0.
[[0;32m  OK  [0m] Started Getty on tty1.
[[0;32m  OK  [0m] Reached target Login Prompts.
[[0;32m  OK  [0m] Started User Manager for UID 1000.
[[0;32m  OK  [0m] Started Set console scheme.
[[0;32m  OK  [0m] Started Wait until snapd is fully seeded.
[[0;32m  OK  [0m] Reached target Multi-User System.
[[0;32m  OK  [0m] Reached target Graphical Interface.
         Starting Update UTMP about System Runlevel Changes...
         Starting Apply the settings specified in cloud-config...
[[0;32m  OK  [0m] Started Update UTMP about System Runlevel Changes.
[   51.142886] cloud-init[1381]: Generating locales (this might take a while)...
[   52.511427] cloud-init[1381]:   en_US.UTF-8... done
[   52.560966] cloud-init[1381]: Generation complete.
[   53.044746] cloud-init[1381]: Cloud-init v. 19.2-36-g059d049c-0ubuntu2~16.04.1 running 'modules:config' at Thu, 12 Dec 2019 16:43:43 +0000. Up 50.89 seconds.
[[0;32m  OK  [0m] Started Apply the settings specified in cloud-config.
         Starting Execute cloud user/final scripts...
ci-info: no authorized ssh keys fingerprints found for user ubuntu.
<14>Dec 12 16:43:46 ec2: 
<14>Dec 12 16:43:46 ec2: #############################################################
<14>Dec 12 16:43:46 ec2: -----BEGIN SSH HOST KEY FINGERPRINTS-----
<14>Dec 12 16:43:46 ec2: 1024 SHA256:7tGjbmqaMgueRi/WB2WU1I0S9IYT/3ch45G/GhdUq28 root@ubuntu-xenial (DSA)
<14>Dec 12 16:43:46 ec2: 256 SHA256:DF+YAmbGwdYtqb0jcpSZN+VsihLqPKJIy28z1VYrHTU root@ubuntu-xenial (ECDSA)
<14>Dec 12 16:43:46 ec2: 256 SHA256:5zYbMPAoNhZpLbCA1jWiXFte+i4Vw9ejI3J3zciWcIE root@ubuntu-xenial (ED25519)
<14>Dec 12 16:43:46 ec2: 2048 SHA256:C6Ly4vlNmoTOkhMYRSkGjrFTA4p7jtlgW9aazPFd8fg root@ubuntu-xenial (RSA)
<14>Dec 12 16:43:46 ec2: -----END SSH HOST KEY FINGERPRINTS-----
<14>Dec 12 16:43:46 ec2: #############################################################
-----BEGIN SSH HOST KEY KEYS-----
ecdsa-sha2-nistp256 AAAAE2VjZHNhLXNoYTItbmlzdHAyNTYAAAAIbmlzdHAyNTYAAABBBHZlNxbFHHxrJv20FVFtHxKxUmhzqmMZF5XMGYVFJDd5c3j7k5qtZG46eQQApln/tGnDrTFt2oRM8fpXdUt7F5E= root@ubuntu-xenial
ssh-ed25519 AAAAC3NzaC1lZDI1NTE5AAAAILkCCjyRPGRGCArly2wk0kxRCiLkt+8r0rK3TWT5zeuf root@ubuntu-xenial
ssh-rsa AAAAB3NzaC1yc2EAAAADAQABAAABAQCahiY9HWyasgDx60MDKU6PYeNOZVyODaMr0fPPufvMNVKAsysQb/2Pk1Aq+3+WMcXH6GmPmWG7tSB/K2GnMsYcJ0HIEigPExAMRWQOfnKTfwz7wX7Cr6tCBOQy8R9TC+NZzmgTmeFSLuPlqnMY20LOCaIv2Y05IitTxC9d9NbU4u+4FnuHLAugMp2+pk3+a6Y0ZL7guicGsWB5ScY9gxNaeFmwae3JonO5COQYC2/fxNxHbA6m3kcZqGFntwNFM8TL62JPHcn1+AtI9hWlxYvpBfQlAetq+ZFlxYHQ1n46MBfn5WUByIlFPEDBJaguxCDSL5A0UzC4toRO0f+LiaMn root@ubuntu-xenial
-----END SSH HOST KEY KEYS-----
[   54.888332] cloud-init[1548]: Cloud-init v. 19.2-36-g059d049c-0ubuntu2~16.04.1 running 'modules:final' at Thu, 12 Dec 2019 16:43:46 +0000. Up 53.80 seconds.
[   54.888881] cloud-init[1548]: ci-info: no authorized ssh keys fingerprints found for user ubuntu.
[   54.889637] cloud-init[1548]: Cloud-init v. 19.2-36-g059d049c-0ubuntu2~16.04.1 finished at Thu, 12 Dec 2019 16:43:47 +0000. Datasource DataSourceNoCloud [seed=/dev/sdb][dsmode=net].  Up 54.86 seconds

Ubuntu 16.04.6 LTS ubuntu-xenial ttyS0

ubuntu-xenial login: 